=== puma startup: 2017-12-03 01:57:11 +0000 ===
2017-12-03 02:08:53 +0000: Rack app error handling request { GET / }
#<RuntimeError: Missing `secret_key_base` for 'production' environment, set this value in `config/secrets.yml`>
/home/ubuntu/.rbenv/versions/2.4.1/lib/ruby/gems/2.4.0/gems/railties-5.1.4/lib/rails/application.rb:510:in `validate_secret_key_config!'
/home/ubuntu/.rbenv/versions/2.4.1/lib/ruby/gems/2.4.0/gems/railties-5.1.4/lib/rails/application.rb:247:in `env_config'
/home/ubuntu/.rbenv/versions/2.4.1/lib/ruby/gems/2.4.0/gems/railties-5.1.4/lib/rails/engine.rb:692:in `build_request'
/home/ubuntu/.rbenv/versions/2.4.1/lib/ruby/gems/2.4.0/gems/railties-5.1.4/lib/rails/application.rb:518:in `build_request'
/home/ubuntu/.rbenv/versions/2.4.1/lib/ruby/gems/2.4.0/gems/railties-5.1.4/lib/rails/engine.rb:521:in `call'
/home/ubuntu/.rbenv/versions/2.4.1/lib/ruby/gems/2.4.0/gems/puma-3.11.0/lib/puma/configuration.rb:225:in `call'
/home/ubuntu/.rbenv/versions/2.4.1/lib/ruby/gems/2.4.0/gems/puma-3.11.0/lib/puma/server.rb:624:in `handle_request'
/home/ubuntu/.rbenv/versions/2.4.1/lib/ruby/gems/2.4.0/gems/puma-3.11.0/lib/puma/server.rb:438:in `process_client'
/home/ubuntu/.rbenv/versions/2.4.1/lib/ruby/gems/2.4.0/gems/puma-3.11.0/lib/puma/server.rb:302:in `block in run'
/home/ubuntu/.rbenv/versions/2.4.1/lib/ruby/gems/2.4.0/gems/puma-3.11.0/lib/puma/thread_pool.rb:120:in `block in spawn_thread'
=== puma startup: 2017-12-03 02:13:54 +0000 ===
2017-12-03 02:14:03 +0000: Rack app error handling request { GET / }
#<RuntimeError: Missing `secret_key_base` for 'production' environment, set this value in `config/secrets.yml`>
/home/ubuntu/.rbenv/versions/2.4.1/lib/ruby/gems/2.4.0/gems/railties-5.1.4/lib/rails/application.rb:510:in `validate_secret_key_config!'
/home/ubuntu/.rbenv/versions/2.4.1/lib/ruby/gems/2.4.0/gems/railties-5.1.4/lib/rails/application.rb:247:in `env_config'
/home/ubuntu/.rbenv/versions/2.4.1/lib/ruby/gems/2.4.0/gems/railties-5.1.4/lib/rails/engine.rb:692:in `build_request'
/home/ubuntu/.rbenv/versions/2.4.1/lib/ruby/gems/2.4.0/gems/railties-5.1.4/lib/rails/application.rb:518:in `build_request'
/home/ubuntu/.rbenv/versions/2.4.1/lib/ruby/gems/2.4.0/gems/railties-5.1.4/lib/rails/engine.rb:521:in `call'
/home/ubuntu/.rbenv/versions/2.4.1/lib/ruby/gems/2.4.0/gems/puma-3.11.0/lib/puma/configuration.rb:225:in `call'
/home/ubuntu/.rbenv/versions/2.4.1/lib/ruby/gems/2.4.0/gems/puma-3.11.0/lib/puma/server.rb:624:in `handle_request'
/home/ubuntu/.rbenv/versions/2.4.1/lib/ruby/gems/2.4.0/gems/puma-3.11.0/lib/puma/server.rb:438:in `process_client'
/home/ubuntu/.rbenv/versions/2.4.1/lib/ruby/gems/2.4.0/gems/puma-3.11.0/lib/puma/server.rb:302:in `block in run'
/home/ubuntu/.rbenv/versions/2.4.1/lib/ruby/gems/2.4.0/gems/puma-3.11.0/lib/puma/thread_pool.rb:120:in `block in spawn_thread'
=== puma startup: 2017-12-03 02:19:32 +0000 ===
2017-12-03 02:19:52 +0000: Rack app error handling request { GET / }
#<RuntimeError: Missing `secret_key_base` for 'production' environment, set this value in `config/secrets.yml`>
/home/ubuntu/.rbenv/versions/2.4.1/lib/ruby/gems/2.4.0/gems/railties-5.1.4/lib/rails/application.rb:510:in `validate_secret_key_config!'
/home/ubuntu/.rbenv/versions/2.4.1/lib/ruby/gems/2.4.0/gems/railties-5.1.4/lib/rails/application.rb:247:in `env_config'
/home/ubuntu/.rbenv/versions/2.4.1/lib/ruby/gems/2.4.0/gems/railties-5.1.4/lib/rails/engine.rb:692:in `build_request'
/home/ubuntu/.rbenv/versions/2.4.1/lib/ruby/gems/2.4.0/gems/railties-5.1.4/lib/rails/application.rb:518:in `build_request'
/home/ubuntu/.rbenv/versions/2.4.1/lib/ruby/gems/2.4.0/gems/railties-5.1.4/lib/rails/engine.rb:521:in `call'
/home/ubuntu/.rbenv/versions/2.4.1/lib/ruby/gems/2.4.0/gems/puma-3.11.0/lib/puma/configuration.rb:225:in `call'
/home/ubuntu/.rbenv/versions/2.4.1/lib/ruby/gems/2.4.0/gems/puma-3.11.0/lib/puma/server.rb:624:in `handle_request'
/home/ubuntu/.rbenv/versions/2.4.1/lib/ruby/gems/2.4.0/gems/puma-3.11.0/lib/puma/server.rb:438:in `process_client'
/home/ubuntu/.rbenv/versions/2.4.1/lib/ruby/gems/2.4.0/gems/puma-3.11.0/lib/puma/server.rb:302:in `block in run'
/home/ubuntu/.rbenv/versions/2.4.1/lib/ruby/gems/2.4.0/gems/puma-3.11.0/lib/puma/thread_pool.rb:120:in `block in spawn_thread'
2017-12-03 02:19:54 +0000: Rack app error handling request { GET / }
#<RuntimeError: Missing `secret_key_base` for 'production' environment, set this value in `config/secrets.yml`>
/home/ubuntu/.rbenv/versions/2.4.1/lib/ruby/gems/2.4.0/gems/railties-5.1.4/lib/rails/application.rb:510:in `validate_secret_key_config!'
/home/ubuntu/.rbenv/versions/2.4.1/lib/ruby/gems/2.4.0/gems/railties-5.1.4/lib/rails/application.rb:247:in `env_config'
/home/ubuntu/.rbenv/versions/2.4.1/lib/ruby/gems/2.4.0/gems/railties-5.1.4/lib/rails/engine.rb:692:in `build_request'
/home/ubuntu/.rbenv/versions/2.4.1/lib/ruby/gems/2.4.0/gems/railties-5.1.4/lib/rails/application.rb:518:in `build_request'
/home/ubuntu/.rbenv/versions/2.4.1/lib/ruby/gems/2.4.0/gems/railties-5.1.4/lib/rails/engine.rb:521:in `call'
/home/ubuntu/.rbenv/versions/2.4.1/lib/ruby/gems/2.4.0/gems/puma-3.11.0/lib/puma/configuration.rb:225:in `call'
/home/ubuntu/.rbenv/versions/2.4.1/lib/ruby/gems/2.4.0/gems/puma-3.11.0/lib/puma/server.rb:624:in `handle_request'
/home/ubuntu/.rbenv/versions/2.4.1/lib/ruby/gems/2.4.0/gems/puma-3.11.0/lib/puma/server.rb:438:in `process_client'
/home/ubuntu/.rbenv/versions/2.4.1/lib/ruby/gems/2.4.0/gems/puma-3.11.0/lib/puma/server.rb:302:in `block in run'
/home/ubuntu/.rbenv/versions/2.4.1/lib/ruby/gems/2.4.0/gems/puma-3.11.0/lib/puma/thread_pool.rb:120:in `block in spawn_thread'
2017-12-03 02:20:00 +0000: Rack app error handling request { GET / }
#<RuntimeError: Missing `secret_key_base` for 'production' environment, set this value in `config/secrets.yml`>
/home/ubuntu/.rbenv/versions/2.4.1/lib/ruby/gems/2.4.0/gems/railties-5.1.4/lib/rails/application.rb:510:in `validate_secret_key_config!'
/home/ubuntu/.rbenv/versions/2.4.1/lib/ruby/gems/2.4.0/gems/railties-5.1.4/lib/rails/application.rb:247:in `env_config'
/home/ubuntu/.rbenv/versions/2.4.1/lib/ruby/gems/2.4.0/gems/railties-5.1.4/lib/rails/engine.rb:692:in `build_request'
/home/ubuntu/.rbenv/versions/2.4.1/lib/ruby/gems/2.4.0/gems/railties-5.1.4/lib/rails/application.rb:518:in `build_request'
/home/ubuntu/.rbenv/versions/2.4.1/lib/ruby/gems/2.4.0/gems/railties-5.1.4/lib/rails/engine.rb:521:in `call'
/home/ubuntu/.rbenv/versions/2.4.1/lib/ruby/gems/2.4.0/gems/puma-3.11.0/lib/puma/configuration.rb:225:in `call'
/home/ubuntu/.rbenv/versions/2.4.1/lib/ruby/gems/2.4.0/gems/puma-3.11.0/lib/puma/server.rb:624:in `handle_request'
/home/ubuntu/.rbenv/versions/2.4.1/lib/ruby/gems/2.4.0/gems/puma-3.11.0/lib/puma/server.rb:438:in `process_client'
/home/ubuntu/.rbenv/versions/2.4.1/lib/ruby/gems/2.4.0/gems/puma-3.11.0/lib/puma/server.rb:302:in `block in run'
/home/ubuntu/.rbenv/versions/2.4.1/lib/ruby/gems/2.4.0/gems/puma-3.11.0/lib/puma/thread_pool.rb:120:in `block in spawn_thread'
2017-12-03 02:20:18 +0000: Rack app error handling request { GET / }
#<RuntimeError: Missing `secret_key_base` for 'production' environment, set this value in `config/secrets.yml`>
/home/ubuntu/.rbenv/versions/2.4.1/lib/ruby/gems/2.4.0/gems/railties-5.1.4/lib/rails/application.rb:510:in `validate_secret_key_config!'
/home/ubuntu/.rbenv/versions/2.4.1/lib/ruby/gems/2.4.0/gems/railties-5.1.4/lib/rails/application.rb:247:in `env_config'
/home/ubuntu/.rbenv/versions/2.4.1/lib/ruby/gems/2.4.0/gems/railties-5.1.4/lib/rails/engine.rb:692:in `build_request'
/home/ubuntu/.rbenv/versions/2.4.1/lib/ruby/gems/2.4.0/gems/railties-5.1.4/lib/rails/application.rb:518:in `build_request'
/home/ubuntu/.rbenv/versions/2.4.1/lib/ruby/gems/2.4.0/gems/railties-5.1.4/lib/rails/engine.rb:521:in `call'
/home/ubuntu/.rbenv/versions/2.4.1/lib/ruby/gems/2.4.0/gems/puma-3.11.0/lib/puma/configuration.rb:225:in `call'
/home/ubuntu/.rbenv/versions/2.4.1/lib/ruby/gems/2.4.0/gems/puma-3.11.0/lib/puma/server.rb:624:in `handle_request'
/home/ubuntu/.rbenv/versions/2.4.1/lib/ruby/gems/2.4.0/gems/puma-3.11.0/lib/puma/server.rb:438:in `process_client'
/home/ubuntu/.rbenv/versions/2.4.1/lib/ruby/gems/2.4.0/gems/puma-3.11.0/lib/puma/server.rb:302:in `block in run'
/home/ubuntu/.rbenv/versions/2.4.1/lib/ruby/gems/2.4.0/gems/puma-3.11.0/lib/puma/thread_pool.rb:120:in `block in spawn_thread'
=== puma startup: 2017-12-03 02:26:25 +0000 ===
2017-12-03 02:31:19 +0000: Rack app error handling request { GET / }
#<RuntimeError: Missing `secret_key_base` for 'production' environment, set this value in `config/secrets.yml`>
/home/ubuntu/.rbenv/versions/2.4.1/lib/ruby/gems/2.4.0/gems/railties-5.1.4/lib/rails/application.rb:510:in `validate_secret_key_config!'
/home/ubuntu/.rbenv/versions/2.4.1/lib/ruby/gems/2.4.0/gems/railties-5.1.4/lib/rails/application.rb:247:in `env_config'
/home/ubuntu/.rbenv/versions/2.4.1/lib/ruby/gems/2.4.0/gems/railties-5.1.4/lib/rails/engine.rb:692:in `build_request'
/home/ubuntu/.rbenv/versions/2.4.1/lib/ruby/gems/2.4.0/gems/railties-5.1.4/lib/rails/application.rb:518:in `build_request'
/home/ubuntu/.rbenv/versions/2.4.1/lib/ruby/gems/2.4.0/gems/railties-5.1.4/lib/rails/engine.rb:521:in `call'
/home/ubuntu/.rbenv/versions/2.4.1/lib/ruby/gems/2.4.0/gems/puma-3.11.0/lib/puma/configuration.rb:225:in `call'
/home/ubuntu/.rbenv/versions/2.4.1/lib/ruby/gems/2.4.0/gems/puma-3.11.0/lib/puma/server.rb:624:in `handle_request'
/home/ubuntu/.rbenv/versions/2.4.1/lib/ruby/gems/2.4.0/gems/puma-3.11.0/lib/puma/server.rb:438:in `process_client'
/home/ubuntu/.rbenv/versions/2.4.1/lib/ruby/gems/2.4.0/gems/puma-3.11.0/lib/puma/server.rb:302:in `block in run'
/home/ubuntu/.rbenv/versions/2.4.1/lib/ruby/gems/2.4.0/gems/puma-3.11.0/lib/puma/thread_pool.rb:120:in `block in spawn_thread'
2017-12-03 02:31:46 +0000: Rack app error handling request { GET / }
#<RuntimeError: Missing `secret_key_base` for 'production' environment, set this value in `config/secrets.yml`>
/home/ubuntu/.rbenv/versions/2.4.1/lib/ruby/gems/2.4.0/gems/railties-5.1.4/lib/rails/application.rb:510:in `validate_secret_key_config!'
/home/ubuntu/.rbenv/versions/2.4.1/lib/ruby/gems/2.4.0/gems/railties-5.1.4/lib/rails/application.rb:247:in `env_config'
/home/ubuntu/.rbenv/versions/2.4.1/lib/ruby/gems/2.4.0/gems/railties-5.1.4/lib/rails/engine.rb:692:in `build_request'
/home/ubuntu/.rbenv/versions/2.4.1/lib/ruby/gems/2.4.0/gems/railties-5.1.4/lib/rails/application.rb:518:in `build_request'
/home/ubuntu/.rbenv/versions/2.4.1/lib/ruby/gems/2.4.0/gems/railties-5.1.4/lib/rails/engine.rb:521:in `call'
/home/ubuntu/.rbenv/versions/2.4.1/lib/ruby/gems/2.4.0/gems/puma-3.11.0/lib/puma/configuration.rb:225:in `call'
/home/ubuntu/.rbenv/versions/2.4.1/lib/ruby/gems/2.4.0/gems/puma-3.11.0/lib/puma/server.rb:624:in `handle_request'
/home/ubuntu/.rbenv/versions/2.4.1/lib/ruby/gems/2.4.0/gems/puma-3.11.0/lib/puma/server.rb:438:in `process_client'
/home/ubuntu/.rbenv/versions/2.4.1/lib/ruby/gems/2.4.0/gems/puma-3.11.0/lib/puma/server.rb:302:in `block in run'
/home/ubuntu/.rbenv/versions/2.4.1/lib/ruby/gems/2.4.0/gems/puma-3.11.0/lib/puma/thread_pool.rb:120:in `block in spawn_thread'
2017-12-03 02:31:54 +0000: Rack app error handling request { GET / }
#<RuntimeError: Missing `secret_key_base` for 'production' environment, set this value in `config/secrets.yml`>
/home/ubuntu/.rbenv/versions/2.4.1/lib/ruby/gems/2.4.0/gems/railties-5.1.4/lib/rails/application.rb:510:in `validate_secret_key_config!'
/home/ubuntu/.rbenv/versions/2.4.1/lib/ruby/gems/2.4.0/gems/railties-5.1.4/lib/rails/application.rb:247:in `env_config'
/home/ubuntu/.rbenv/versions/2.4.1/lib/ruby/gems/2.4.0/gems/railties-5.1.4/lib/rails/engine.rb:692:in `build_request'
/home/ubuntu/.rbenv/versions/2.4.1/lib/ruby/gems/2.4.0/gems/railties-5.1.4/lib/rails/application.rb:518:in `build_request'
/home/ubuntu/.rbenv/versions/2.4.1/lib/ruby/gems/2.4.0/gems/railties-5.1.4/lib/rails/engine.rb:521:in `call'
/home/ubuntu/.rbenv/versions/2.4.1/lib/ruby/gems/2.4.0/gems/puma-3.11.0/lib/puma/configuration.rb:225:in `call'
/home/ubuntu/.rbenv/versions/2.4.1/lib/ruby/gems/2.4.0/gems/puma-3.11.0/lib/puma/server.rb:624:in `handle_request'
/home/ubuntu/.rbenv/versions/2.4.1/lib/ruby/gems/2.4.0/gems/puma-3.11.0/lib/puma/server.rb:438:in `process_client'
/home/ubuntu/.rbenv/versions/2.4.1/lib/ruby/gems/2.4.0/gems/puma-3.11.0/lib/puma/server.rb:302:in `block in run'
/home/ubuntu/.rbenv/versions/2.4.1/lib/ruby/gems/2.4.0/gems/puma-3.11.0/lib/puma/thread_pool.rb:120:in `block in spawn_thread'
2017-12-03 02:31:54 +0000: Rack app error handling request { GET /favicon.ico }
#<RuntimeError: Missing `secret_key_base` for 'production' environment, set this value in `config/secrets.yml`>
/home/ubuntu/.rbenv/versions/2.4.1/lib/ruby/gems/2.4.0/gems/railties-5.1.4/lib/rails/application.rb:510:in `validate_secret_key_config!'
/home/ubuntu/.rbenv/versions/2.4.1/lib/ruby/gems/2.4.0/gems/railties-5.1.4/lib/rails/application.rb:247:in `env_config'
/home/ubuntu/.rbenv/versions/2.4.1/lib/ruby/gems/2.4.0/gems/railties-5.1.4/lib/rails/engine.rb:692:in `build_request'
/home/ubuntu/.rbenv/versions/2.4.1/lib/ruby/gems/2.4.0/gems/railties-5.1.4/lib/rails/application.rb:518:in `build_request'
/home/ubuntu/.rbenv/versions/2.4.1/lib/ruby/gems/2.4.0/gems/railties-5.1.4/lib/rails/engine.rb:521:in `call'
/home/ubuntu/.rbenv/versions/2.4.1/lib/ruby/gems/2.4.0/gems/puma-3.11.0/lib/puma/configuration.rb:225:in `call'
/home/ubuntu/.rbenv/versions/2.4.1/lib/ruby/gems/2.4.0/gems/puma-3.11.0/lib/puma/server.rb:624:in `handle_request'
/home/ubuntu/.rbenv/versions/2.4.1/lib/ruby/gems/2.4.0/gems/puma-3.11.0/lib/puma/server.rb:438:in `process_client'
/home/ubuntu/.rbenv/versions/2.4.1/lib/ruby/gems/2.4.0/gems/puma-3.11.0/lib/puma/server.rb:302:in `block in run'
/home/ubuntu/.rbenv/versions/2.4.1/lib/ruby/gems/2.4.0/gems/puma-3.11.0/lib/puma/thread_pool.rb:120:in `block in spawn_thread'
=== puma startup: 2017-12-03 02:35:13 +0000 ===
2017-12-03 02:35:21 +0000: Rack app error handling request { GET / }
#<RuntimeError: Missing `secret_key_base` for 'production' environment, set this value in `config/secrets.yml`>
/home/ubuntu/.rbenv/versions/2.4.1/lib/ruby/gems/2.4.0/gems/railties-5.1.4/lib/rails/application.rb:510:in `validate_secret_key_config!'
/home/ubuntu/.rbenv/versions/2.4.1/lib/ruby/gems/2.4.0/gems/railties-5.1.4/lib/rails/application.rb:247:in `env_config'
/home/ubuntu/.rbenv/versions/2.4.1/lib/ruby/gems/2.4.0/gems/railties-5.1.4/lib/rails/engine.rb:692:in `build_request'
/home/ubuntu/.rbenv/versions/2.4.1/lib/ruby/gems/2.4.0/gems/railties-5.1.4/lib/rails/application.rb:518:in `build_request'
/home/ubuntu/.rbenv/versions/2.4.1/lib/ruby/gems/2.4.0/gems/railties-5.1.4/lib/rails/engine.rb:521:in `call'
/home/ubuntu/.rbenv/versions/2.4.1/lib/ruby/gems/2.4.0/gems/puma-3.11.0/lib/puma/configuration.rb:225:in `call'
/home/ubuntu/.rbenv/versions/2.4.1/lib/ruby/gems/2.4.0/gems/puma-3.11.0/lib/puma/server.rb:624:in `handle_request'
/home/ubuntu/.rbenv/versions/2.4.1/lib/ruby/gems/2.4.0/gems/puma-3.11.0/lib/puma/server.rb:438:in `process_client'
/home/ubuntu/.rbenv/versions/2.4.1/lib/ruby/gems/2.4.0/gems/puma-3.11.0/lib/puma/server.rb:302:in `block in run'
/home/ubuntu/.rbenv/versions/2.4.1/lib/ruby/gems/2.4.0/gems/puma-3.11.0/lib/puma/thread_pool.rb:120:in `block in spawn_thread'
2017-12-03 02:35:21 +0000: Rack app error handling request { GET /favicon.ico }
#<RuntimeError: Missing `secret_key_base` for 'production' environment, set this value in `config/secrets.yml`>
/home/ubuntu/.rbenv/versions/2.4.1/lib/ruby/gems/2.4.0/gems/railties-5.1.4/lib/rails/application.rb:510:in `validate_secret_key_config!'
/home/ubuntu/.rbenv/versions/2.4.1/lib/ruby/gems/2.4.0/gems/railties-5.1.4/lib/rails/application.rb:247:in `env_config'
/home/ubuntu/.rbenv/versions/2.4.1/lib/ruby/gems/2.4.0/gems/railties-5.1.4/lib/rails/engine.rb:692:in `build_request'
/home/ubuntu/.rbenv/versions/2.4.1/lib/ruby/gems/2.4.0/gems/railties-5.1.4/lib/rails/application.rb:518:in `build_request'
/home/ubuntu/.rbenv/versions/2.4.1/lib/ruby/gems/2.4.0/gems/railties-5.1.4/lib/rails/engine.rb:521:in `call'
/home/ubuntu/.rbenv/versions/2.4.1/lib/ruby/gems/2.4.0/gems/puma-3.11.0/lib/puma/configuration.rb:225:in `call'
/home/ubuntu/.rbenv/versions/2.4.1/lib/ruby/gems/2.4.0/gems/puma-3.11.0/lib/puma/server.rb:624:in `handle_request'
/home/ubuntu/.rbenv/versions/2.4.1/lib/ruby/gems/2.4.0/gems/puma-3.11.0/lib/puma/server.rb:438:in `process_client'
/home/ubuntu/.rbenv/versions/2.4.1/lib/ruby/gems/2.4.0/gems/puma-3.11.0/lib/puma/server.rb:302:in `block in run'
/home/ubuntu/.rbenv/versions/2.4.1/lib/ruby/gems/2.4.0/gems/puma-3.11.0/lib/puma/thread_pool.rb:120:in `block in spawn_thread'
2017-12-03 02:35:30 +0000: Rack app error handling request { GET / }
#<RuntimeError: Missing `secret_key_base` for 'production' environment, set this value in `config/secrets.yml`>
/home/ubuntu/.rbenv/versions/2.4.1/lib/ruby/gems/2.4.0/gems/railties-5.1.4/lib/rails/application.rb:510:in `validate_secret_key_config!'
/home/ubuntu/.rbenv/versions/2.4.1/lib/ruby/gems/2.4.0/gems/railties-5.1.4/lib/rails/application.rb:247:in `env_config'
/home/ubuntu/.rbenv/versions/2.4.1/lib/ruby/gems/2.4.0/gems/railties-5.1.4/lib/rails/engine.rb:692:in `build_request'
/home/ubuntu/.rbenv/versions/2.4.1/lib/ruby/gems/2.4.0/gems/railties-5.1.4/lib/rails/application.rb:518:in `build_request'
/home/ubuntu/.rbenv/versions/2.4.1/lib/ruby/gems/2.4.0/gems/railties-5.1.4/lib/rails/engine.rb:521:in `call'
/home/ubuntu/.rbenv/versions/2.4.1/lib/ruby/gems/2.4.0/gems/puma-3.11.0/lib/puma/configuration.rb:225:in `call'
/home/ubuntu/.rbenv/versions/2.4.1/lib/ruby/gems/2.4.0/gems/puma-3.11.0/lib/puma/server.rb:624:in `handle_request'
/home/ubuntu/.rbenv/versions/2.4.1/lib/ruby/gems/2.4.0/gems/puma-3.11.0/lib/puma/server.rb:438:in `process_client'
/home/ubuntu/.rbenv/versions/2.4.1/lib/ruby/gems/2.4.0/gems/puma-3.11.0/lib/puma/server.rb:302:in `block in run'
/home/ubuntu/.rbenv/versions/2.4.1/lib/ruby/gems/2.4.0/gems/puma-3.11.0/lib/puma/thread_pool.rb:120:in `block in spawn_thread'
=== puma startup: 2017-12-03 02:40:49 +0000 ===
